  bg_misc.c
  bg_pmove.c
..\game\bg_pmove.c(932): warning C4101: 'up': unreferenced local variable
..\game\bg_pmove.c(932): warning C4101: 'right': unreferenced local variable
..\game\bg_pmove.c(932): warning C4101: 'forward': unreferenced local variable
..\game\bg_pmove.c(932): warning C4101: 'angles': unreferenced local variable
..\game\bg_pmove.c(1293): warning C4101: 'sample2': unreferenced local variable
..\game\bg_pmove.c(1292): warning C4101: 'sample1': unreferenced local variable
..\game\bg_pmove.c(1369): warning C4305: '*=': truncation from 'double' to 'vec_t'
  bg_slidemove.c
  q_math.c
  q_shared.c
..\game\q_shared.c(268): warning C4996: 'vsprintf': This function or variable may be unsafe. Consider using vsprintf_s instead. To disable deprecation, use _CRT_SECURE_NO_WARNINGS. See online help for details.
  C:\Program Files (x86)\Windows Kits\10\Include\10.0.15063.0\ucrt\stdio.h(1467): note: see declaration of 'vsprintf'
..\game\q_shared.c(280): warning C4996: 'vsprintf': This function or variable may be unsafe. Consider using vsprintf_s instead. To disable deprecation, use _CRT_SECURE_NO_WARNINGS. See online help for details.
  C:\Program Files (x86)\Windows Kits\10\Include\10.0.15063.0\ucrt\stdio.h(1467): note: see declaration of 'vsprintf'
..\game\q_shared.c(723): warning C4996: 'strncpy': This function or variable may be unsafe. Consider using strncpy_s instead. To disable deprecation, use _CRT_SECURE_NO_WARNINGS. See online help for details.
  C:\Program Files (x86)\Windows Kits\10\Include\10.0.15063.0\ucrt\string.h(343): note: see declaration of 'strncpy'
..\game\q_shared.c(876): warning C4996: 'vsprintf': This function or variable may be unsafe. Consider using vsprintf_s instead. To disable deprecation, use _CRT_SECURE_NO_WARNINGS. See online help for details.
  C:\Program Files (x86)\Windows Kits\10\Include\10.0.15063.0\ucrt\stdio.h(1467): note: see declaration of 'vsprintf'
..\game\q_shared.c(912): warning C4996: 'vsprintf': This function or variable may be unsafe. Consider using vsprintf_s instead. To disable deprecation, use _CRT_SECURE_NO_WARNINGS. See online help for details.
  C:\Program Files (x86)\Windows Kits\10\Include\10.0.15063.0\ucrt\stdio.h(1467): note: see declaration of 'vsprintf'
..\game\q_shared.c(1072): warning C4996: 'strcpy': This function or variable may be unsafe. Consider using strcpy_s instead. To disable deprecation, use _CRT_SECURE_NO_WARNINGS. See online help for details.
..\game\q_shared.c(1127): warning C4996: 'strcpy': This function or variable may be unsafe. Consider using strcpy_s instead. To disable deprecation, use _CRT_SECURE_NO_WARNINGS. See online help for details.
..\game\q_shared.c(1202): warning C4996: 'strcat': This function or variable may be unsafe. Consider using strcat_s instead. To disable deprecation, use _CRT_SECURE_NO_WARNINGS. See online help for details.
..\game\q_shared.c(1203): warning C4996: 'strcpy': This function or variable may be unsafe. Consider using strcpy_s instead. To disable deprecation, use _CRT_SECURE_NO_WARNINGS. See online help for details.
..\game\q_shared.c(1250): warning C4996: 'strcat': This function or variable may be unsafe. Consider using strcat_s instead. To disable deprecation, use _CRT_SECURE_NO_WARNINGS. See online help for details.
  ui_shared.c
..\ui\ui_shared.c(190): warning C4996: 'strcpy': This function or variable may be unsafe. Consider using strcpy_s instead. To disable deprecation, use _CRT_SECURE_NO_WARNINGS. See online help for details.
..\ui\ui_shared.c(261): warning C4996: 'vsprintf': This function or variable may be unsafe. Consider using vsprintf_s instead. To disable deprecation, use _CRT_SECURE_NO_WARNINGS. See online help for details.
  C:\Program Files (x86)\Windows Kits\10\Include\10.0.15063.0\ucrt\stdio.h(1467): note: see declaration of 'vsprintf'
..\ui\ui_shared.c(283): warning C4996: 'vsprintf': This function or variable may be unsafe. Consider using vsprintf_s instead. To disable deprecation, use _CRT_SECURE_NO_WARNINGS. See online help for details.
  C:\Program Files (x86)\Windows Kits\10\Include\10.0.15063.0\ucrt\stdio.h(1467): note: see declaration of 'vsprintf'
..\ui\ui_shared.c(2943): warning C4996: 'strncpy': This function or variable may be unsafe. Consider using strncpy_s instead. To disable deprecation, use _CRT_SECURE_NO_WARNINGS. See online help for details.
  C:\Program Files (x86)\Windows Kits\10\Include\10.0.15063.0\ucrt\string.h(343): note: see declaration of 'strncpy'
..\ui\ui_shared.c(3373): warning C4996: 'strcat': This function or variable may be unsafe. Consider using strcat_s instead. To disable deprecation, use _CRT_SECURE_NO_WARNINGS. See online help for details.
..\ui\ui_shared.c(3374): warning C4996: 'strcat': This function or variable may be unsafe. Consider using strcat_s instead. To disable deprecation, use _CRT_SECURE_NO_WARNINGS. See online help for details.
..\ui\ui_shared.c(3379): warning C4996: 'strcpy': This function or variable may be unsafe. Consider using strcpy_s instead. To disable deprecation, use _CRT_SECURE_NO_WARNINGS. See online help for details.
..\ui\ui_shared.c(3815): warning C4456: declaration of 'parent' hides previous local declaration
  ..\ui\ui_shared.c(3806): note: see declaration of 'parent'
  cg_consolecmds.c
  cg_draw.c
  cg_drawtools.c
  cg_effects.c
  cg_ents.c
cg_ents.c(942): warning C4101: 'uberRocket': unreferenced local variable
  cg_event.c
cg_event.c(115): warning C4996: 'strcat': This function or variable may be unsafe. Consider using strcat_s instead. To disable deprecation, use _CRT_SECURE_NO_WARNINGS. See online help for details.
cg_event.c(238): warning C4996: 'strcpy': This function or variable may be unsafe. Consider using strcpy_s instead. To disable deprecation, use _CRT_SECURE_NO_WARNINGS. See online help for details.
cg_event.c(241): warning C4996: 'strcat': This function or variable may be unsafe. Consider using strcat_s instead. To disable deprecation, use _CRT_SECURE_NO_WARNINGS. See online help for details.
  cg_info.c
  cg_localents.c
  cg_main.c
cg_main.c(426): warning C4996: 'vsprintf': This function or variable may be unsafe. Consider using vsprintf_s instead. To disable deprecation, use _CRT_SECURE_NO_WARNINGS. See online help for details.
  C:\Program Files (x86)\Windows Kits\10\Include\10.0.15063.0\ucrt\stdio.h(1467): note: see declaration of 'vsprintf'
cg_main.c(437): warning C4996: 'vsprintf': This function or variable may be unsafe. Consider using vsprintf_s instead. To disable deprecation, use _CRT_SECURE_NO_WARNINGS. See online help for details.
  C:\Program Files (x86)\Windows Kits\10\Include\10.0.15063.0\ucrt\stdio.h(1467): note: see declaration of 'vsprintf'
cg_main.c(451): warning C4996: 'vsprintf': This function or variable may be unsafe. Consider using vsprintf_s instead. To disable deprecation, use _CRT_SECURE_NO_WARNINGS. See online help for details.
  C:\Program Files (x86)\Windows Kits\10\Include\10.0.15063.0\ucrt\stdio.h(1467): note: see declaration of 'vsprintf'
cg_main.c(462): warning C4996: 'vsprintf': This function or variable may be unsafe. Consider using vsprintf_s instead. To disable deprecation, use _CRT_SECURE_NO_WARNINGS. See online help for details.
  C:\Program Files (x86)\Windows Kits\10\Include\10.0.15063.0\ucrt\stdio.h(1467): note: see declaration of 'vsprintf'
cg_main.c(715): warning C4996: 'strcpy': This function or variable may be unsafe. Consider using strcpy_s instead. To disable deprecation, use _CRT_SECURE_NO_WARNINGS. See online help for details.
cg_main.c(1048): warning C4996: 'strcpy': This function or variable may be unsafe. Consider using strcpy_s instead. To disable deprecation, use _CRT_SECURE_NO_WARNINGS. See online help for details.
  cg_marks.c
cg_marks.c(807): warning C4457: declaration of 'alpha' hides function parameter
  cg_marks.c(434): note: see declaration of 'alpha'
cg_marks.c(869): warning C4456: declaration of 'width' hides previous local declaration
  cg_marks.c(439): note: see declaration of 'width'
cg_marks.c(869): warning C4456: declaration of 'height' hides previous local declaration
  cg_marks.c(440): note: see declaration of 'height'
  cg_players.c
cg_players.c(2256): warning C4101: 'es': unreferenced local variable
cg_players.c(2257): warning C4101: 'copy': unreferenced local variable
  cg_playerstate.c
  cg_predict.c
cg_predict.c(224): warning C4047: 'function': 'qboolean *' differs in levels of indirection from 'int'
cg_predict.c(224): warning C4024: 'PM_UpdateViewAngles': different types for formal and actual parameter 3
cg_predict.c(388): warning C4013: 'BG_TouchFlip' undefined; assuming extern returning int
cg_predict.c(530): warning C4047: 'function': 'qboolean *' differs in levels of indirection from 'int'
cg_predict.c(530): warning C4024: 'PM_UpdateViewAngles': different types for formal and actual parameter 3
cg_predict.c(624): warning C4047: 'function': 'qboolean *' differs in levels of indirection from 'int'
cg_predict.c(624): warning C4024: 'Pmove': different types for formal and actual parameter 4
cg_predict.c(435): warning C4101: 'canPickup': unreferenced local variable
  cg_scoreboard.c
  Generating Code...
  Compiling...
  cg_servercmds.c
cg_servercmds.c(238): warning C4996: 'strncpy': This function or variable may be unsafe. Consider using strncpy_s instead. To disable deprecation, use _CRT_SECURE_NO_WARNINGS. See online help for details.
  C:\Program Files (x86)\Windows Kits\10\Include\10.0.15063.0\ucrt\string.h(343): note: see declaration of 'strncpy'
cg_servercmds.c(243): warning C4996: 'strncpy': This function or variable may be unsafe. Consider using strncpy_s instead. To disable deprecation, use _CRT_SECURE_NO_WARNINGS. See online help for details.
  C:\Program Files (x86)\Windows Kits\10\Include\10.0.15063.0\ucrt\string.h(343): note: see declaration of 'strncpy'
cg_servercmds.c(251): warning C4996: 'strncpy': This function or variable may be unsafe. Consider using strncpy_s instead. To disable deprecation, use _CRT_SECURE_NO_WARNINGS. See online help for details.
  C:\Program Files (x86)\Windows Kits\10\Include\10.0.15063.0\ucrt\string.h(343): note: see declaration of 'strncpy'
  cg_snapshot.c
  cg_syscalls.c
  cg_view.c
  cg_weapons.c
cg_weapons.c(658): warning C4996: 'strcpy': This function or variable may be unsafe. Consider using strcpy_s instead. To disable deprecation, use _CRT_SECURE_NO_WARNINGS. See online help for details.
cg_weapons.c(660): warning C4996: 'strcat': This function or variable may be unsafe. Consider using strcat_s instead. To disable deprecation, use _CRT_SECURE_NO_WARNINGS. See online help for details.
cg_weapons.c(663): warning C4996: 'strcpy': This function or variable may be unsafe. Consider using strcpy_s instead. To disable deprecation, use _CRT_SECURE_NO_WARNINGS. See online help for details.
cg_weapons.c(665): warning C4996: 'strcat': This function or variable may be unsafe. Consider using strcat_s instead. To disable deprecation, use _CRT_SECURE_NO_WARNINGS. See online help for details.
cg_weapons.c(668): warning C4996: 'strcpy': This function or variable may be unsafe. Consider using strcpy_s instead. To disable deprecation, use _CRT_SECURE_NO_WARNINGS. See online help for details.
cg_weapons.c(670): warning C4996: 'strcat': This function or variable may be unsafe. Consider using strcat_s instead. To disable deprecation, use _CRT_SECURE_NO_WARNINGS. See online help for details.
cg_weapons.c(1004): warning C4101: 'shaftdir': unreferenced local variable
cg_weapons.c(1314): warning C4101: 'uber': unreferenced local variable
cg_weapons.c(1613): warning C4130: '==': logical operation on address of string constant
cg_weapons.c(1616): warning C4130: '==': logical operation on address of string constant
cg_weapons.c(1619): warning C4130: '==': logical operation on address of string constant
cg_weapons.c(1622): warning C4130: '==': logical operation on address of string constant
cg_weapons.c(1625): warning C4130: '==': logical operation on address of string constant
cg_weapons.c(1628): warning C4130: '==': logical operation on address of string constant
cg_weapons.c(1631): warning C4130: '==': logical operation on address of string constant
  Generating Code...
C:\Program Files (x86)\Microsoft Visual Studio\2017\Community\Common7\IDE\VC\VCTargets\Microsoft.CppBuild.targets(1198,5): warning MSB8012: TargetPath(F:\Program Files (x86)\Q3Source\testsource2\GitHub\Quake-III-Arena-master\code\cgame\.\Release\cgame.dll) does not match the Linker's OutputFile property value (F:\Program Files (x86)\Q3Source\testsource2\GitHub\Quake-III-Arena-master\code\Release\cgamex86.dll). This may cause your project to build incorrectly. To correct this, please make sure that $(OutDir), $(TargetName) and $(TargetExt) property values match the value specified in %(Link.OutputFile).
C:\Program Files (x86)\Microsoft Visual Studio\2017\Community\Common7\IDE\VC\VCTargets\Microsoft.CppBuild.targets(1200,5): warning MSB8012: TargetName(cgame) does not match the Linker's OutputFile property value (cgamex86). This may cause your project to build incorrectly. To correct this, please make sure that $(OutDir), $(TargetName) and $(TargetExt) property values match the value specified in %(Link.OutputFile).
     Creating library .\Release/cgamex86.lib and object .\Release/cgamex86.exp
  cgame.vcxproj -> F:\Program Files (x86)\Q3Source\testsource2\GitHub\Quake-III-Arena-master\code\cgame\.\Release\cgame.dll
