f:\program files (x86)\q3source\testsource2\github\quake-iii-arena-master\code\cgame\release\cgamex86.lib
f:\program files (x86)\q3source\testsource2\github\quake-iii-arena-master\code\cgame\release\cgamex86.exp
f:\program files (x86)\q3source\testsource2\github\quake-iii-arena-master\code\cgame\release\vc141.pdb
f:\program files (x86)\q3source\testsource2\github\quake-iii-arena-master\code\cgame\release\cg_scoreboard.obj
f:\program files (x86)\q3source\testsource2\github\quake-iii-arena-master\code\cgame\release\cg_predict.obj
f:\program files (x86)\q3source\testsource2\github\quake-iii-arena-master\code\cgame\release\cg_playerstate.obj
f:\program files (x86)\q3source\testsource2\github\quake-iii-arena-master\code\cgame\release\cg_players.obj
f:\program files (x86)\q3source\testsource2\github\quake-iii-arena-master\code\cgame\release\cg_marks.obj
f:\program files (x86)\q3source\testsource2\github\quake-iii-arena-master\code\cgame\release\cg_main.obj
f:\program files (x86)\q3source\testsource2\github\quake-iii-arena-master\code\cgame\release\cg_localents.obj
f:\program files (x86)\q3source\testsource2\github\quake-iii-arena-master\code\cgame\release\cg_info.obj
f:\program files (x86)\q3source\testsource2\github\quake-iii-arena-master\code\cgame\release\cg_event.obj
f:\program files (x86)\q3source\testsource2\github\quake-iii-arena-master\code\cgame\release\cg_ents.obj
f:\program files (x86)\q3source\testsource2\github\quake-iii-arena-master\code\cgame\release\cg_effects.obj
f:\program files (x86)\q3source\testsource2\github\quake-iii-arena-master\code\cgame\release\cg_drawtools.obj
f:\program files (x86)\q3source\testsource2\github\quake-iii-arena-master\code\cgame\release\cg_draw.obj
f:\program files (x86)\q3source\testsource2\github\quake-iii-arena-master\code\cgame\release\cg_consolecmds.obj
f:\program files (x86)\q3source\testsource2\github\quake-iii-arena-master\code\cgame\release\ui_shared.obj
f:\program files (x86)\q3source\testsource2\github\quake-iii-arena-master\code\cgame\release\q_shared.obj
f:\program files (x86)\q3source\testsource2\github\quake-iii-arena-master\code\cgame\release\q_math.obj
f:\program files (x86)\q3source\testsource2\github\quake-iii-arena-master\code\cgame\release\bg_slidemove.obj
f:\program files (x86)\q3source\testsource2\github\quake-iii-arena-master\code\cgame\release\bg_pmove.obj
f:\program files (x86)\q3source\testsource2\github\quake-iii-arena-master\code\cgame\release\bg_misc.obj
f:\program files (x86)\q3source\testsource2\github\quake-iii-arena-master\code\cgame\release\cg_weapons.obj
f:\program files (x86)\q3source\testsource2\github\quake-iii-arena-master\code\cgame\release\cg_view.obj
f:\program files (x86)\q3source\testsource2\github\quake-iii-arena-master\code\cgame\release\cg_syscalls.obj
f:\program files (x86)\q3source\testsource2\github\quake-iii-arena-master\code\cgame\release\cg_snapshot.obj
f:\program files (x86)\q3source\testsource2\github\quake-iii-arena-master\code\cgame\release\cg_servercmds.obj
f:\program files (x86)\q3source\testsource2\github\quake-iii-arena-master\code\release\cgamex86.dll
f:\program files (x86)\q3source\testsource2\github\quake-iii-arena-master\code\cgame\release\cgamex86.map
f:\program files (x86)\q3source\testsource2\github\quake-iii-arena-master\code\cgame\release\cgamex86.pdb
f:\program files (x86)\q3source\testsource2\github\quake-iii-arena-master\code\cgame\release\cgame.tlog\cgame.write.1u.tlog
f:\program files (x86)\q3source\testsource2\github\quake-iii-arena-master\code\cgame\release\cgame.tlog\cl.command.1.tlog
f:\program files (x86)\q3source\testsource2\github\quake-iii-arena-master\code\cgame\release\cgame.tlog\cl.read.1.tlog
f:\program files (x86)\q3source\testsource2\github\quake-iii-arena-master\code\cgame\release\cgame.tlog\cl.write.1.tlog
f:\program files (x86)\q3source\testsource2\github\quake-iii-arena-master\code\cgame\release\cgame.tlog\link.command.1.tlog
f:\program files (x86)\q3source\testsource2\github\quake-iii-arena-master\code\cgame\release\cgame.tlog\link.read.1.tlog
f:\program files (x86)\q3source\testsource2\github\quake-iii-arena-master\code\cgame\release\cgame.tlog\link.write.1.tlog
