C:\Program Files (x86)\Microsoft Visual Studio\2017\Community\Common7\IDE\VC\VCTargets\Microsoft.Cpp.Common.props(144,5): warning MSB4211: The property "WindowsTargetPlatformVersion" is being set to a value for the first time, but it was already consumed at "C:\Program Files (x86)\Microsoft Visual Studio\2017\Community\Common7\IDE\VC\VCTargets\Microsoft.Cpp.WindowsSDK.props (29,5)".
C:\Program Files (x86)\Microsoft Visual Studio\2017\Community\Common7\IDE\VC\VCTargets\Microsoft.Cpp.Common.props(144,5): warning MSB4211: The property "WindowsTargetPlatformVersion" is being set to a value for the first time, but it was already consumed at "C:\Program Files (x86)\Microsoft Visual Studio\2017\Community\Common7\IDE\VC\VCTargets\Microsoft.Cpp.WindowsSDK.props (29,5)".
C:\Program Files (x86)\Microsoft Visual Studio\2017\Community\Common7\IDE\VC\VCTargets\Microsoft.Cpp.Common.props(144,5): warning MSB4211: The property "WindowsTargetPlatformVersion" is being set to a value for the first time, but it was already consumed at "C:\Program Files (x86)\Microsoft Visual Studio\2017\Community\Common7\IDE\VC\VCTargets\Microsoft.Cpp.WindowsSDK.props (29,5)".
C:\Program Files (x86)\Microsoft Visual Studio\2017\Community\Common7\IDE\VC\VCTargets\Microsoft.Cpp.Common.props(144,5): warning MSB4211: The property "WindowsTargetPlatformVersion" is being set to a value for the first time, but it was already consumed at "C:\Program Files (x86)\Microsoft Visual Studio\2017\Community\Common7\IDE\VC\VCTargets\Microsoft.Cpp.WindowsSDK.props (29,5)".
  be_aas_bspq3.c
f:\program files (x86)\q3source\testsource2\quake-iii-arena-master\code\game\q_shared.h(81): fatal error C1083: Cannot open include file: 'assert.h': No such file or directory
  be_aas_cluster.c
f:\program files (x86)\q3source\testsource2\quake-iii-arena-master\code\game\q_shared.h(81): fatal error C1083: Cannot open include file: 'assert.h': No such file or directory
  be_aas_debug.c
f:\program files (x86)\q3source\testsource2\quake-iii-arena-master\code\game\q_shared.h(81): fatal error C1083: Cannot open include file: 'assert.h': No such file or directory
  be_aas_entity.c
f:\program files (x86)\q3source\testsource2\quake-iii-arena-master\code\game\q_shared.h(81): fatal error C1083: Cannot open include file: 'assert.h': No such file or directory
  be_aas_file.c
f:\program files (x86)\q3source\testsource2\quake-iii-arena-master\code\game\q_shared.h(81): fatal error C1083: Cannot open include file: 'assert.h': No such file or directory
  be_aas_main.c
f:\program files (x86)\q3source\testsource2\quake-iii-arena-master\code\game\q_shared.h(81): fatal error C1083: Cannot open include file: 'assert.h': No such file or directory
  be_aas_move.c
f:\program files (x86)\q3source\testsource2\quake-iii-arena-master\code\game\q_shared.h(81): fatal error C1083: Cannot open include file: 'assert.h': No such file or directory
  be_aas_optimize.c
f:\program files (x86)\q3source\testsource2\quake-iii-arena-master\code\game\q_shared.h(81): fatal error C1083: Cannot open include file: 'assert.h': No such file or directory
C:\Program Files (x86)\Microsoft Visual Studio\2017\Community\Common7\IDE\VC\VCTargets\Microsoft.Cpp.Common.props(144,5): warning MSB4211: The property "WindowsTargetPlatformVersion" is being set to a value for the first time, but it was already consumed at "C:\Program Files (x86)\Microsoft Visual Studio\2017\Community\Common7\IDE\VC\VCTargets\Microsoft.Cpp.WindowsSDK.props (29,5)".
  be_aas_reach.c
f:\program files (x86)\q3source\testsource2\quake-iii-arena-master\code\game\q_shared.h(81): fatal error C1083: Cannot open include file: 'assert.h': No such file or directory
  be_aas_route.c
f:\program files (x86)\q3source\testsource2\quake-iii-arena-master\code\game\q_shared.h(81): fatal error C1083: Cannot open include file: 'assert.h': No such file or directory
  be_aas_routealt.c
f:\program files (x86)\q3source\testsource2\quake-iii-arena-master\code\game\q_shared.h(81): fatal error C1083: Cannot open include file: 'assert.h': No such file or directory
  be_aas_sample.c
f:\program files (x86)\q3source\testsource2\quake-iii-arena-master\code\game\q_shared.h(81): fatal error C1083: Cannot open include file: 'assert.h': No such file or directory
  be_ai_char.c
f:\program files (x86)\q3source\testsource2\quake-iii-arena-master\code\game\q_shared.h(81): fatal error C1083: Cannot open include file: 'assert.h': No such file or directory
  be_ai_chat.c
f:\program files (x86)\q3source\testsource2\quake-iii-arena-master\code\game\q_shared.h(81): fatal error C1083: Cannot open include file: 'assert.h': No such file or directory
  be_ai_gen.c
f:\program files (x86)\q3source\testsource2\quake-iii-arena-master\code\game\q_shared.h(81): fatal error C1083: Cannot open include file: 'assert.h': No such file or directory
  be_ai_goal.c
f:\program files (x86)\q3source\testsource2\quake-iii-arena-master\code\game\q_shared.h(81): fatal error C1083: Cannot open include file: 'assert.h': No such file or directory
  be_ai_move.c
f:\program files (x86)\q3source\testsource2\quake-iii-arena-master\code\game\q_shared.h(81): fatal error C1083: Cannot open include file: 'assert.h': No such file or directory
  be_ai_weap.c
f:\program files (x86)\q3source\testsource2\quake-iii-arena-master\code\game\q_shared.h(81): fatal error C1083: Cannot open include file: 'assert.h': No such file or directory
  be_ai_weight.c
f:\program files (x86)\q3source\testsource2\quake-iii-arena-master\code\game\q_shared.h(81): fatal error C1083: Cannot open include file: 'assert.h': No such file or directory
  be_ea.c
f:\program files (x86)\q3source\testsource2\quake-iii-arena-master\code\game\q_shared.h(81): fatal error C1083: Cannot open include file: 'assert.h': No such file or directory
  Generating Code...
  Compiling...
  be_interface.c
f:\program files (x86)\q3source\testsource2\quake-iii-arena-master\code\game\q_shared.h(81): fatal error C1083: Cannot open include file: 'assert.h': No such file or directory
  l_crc.c
f:\program files (x86)\q3source\testsource2\quake-iii-arena-master\code\botlib\l_crc.c(32): fatal error C1083: Cannot open include file: 'stdlib.h': No such file or directory
  l_libvar.c
f:\program files (x86)\q3source\testsource2\quake-iii-arena-master\code\game\q_shared.h(81): fatal error C1083: Cannot open include file: 'assert.h': No such file or directory
  l_log.c
f:\program files (x86)\q3source\testsource2\quake-iii-arena-master\code\botlib\l_log.c(32): fatal error C1083: Cannot open include file: 'stdlib.h': No such file or directory
  l_memory.c
f:\program files (x86)\q3source\testsource2\quake-iii-arena-master\code\game\q_shared.h(81): fatal error C1083: Cannot open include file: 'assert.h': No such file or directory
  l_precomp.c
f:\program files (x86)\q3source\testsource2\quake-iii-arena-master\code\game\q_shared.h(81): fatal error C1083: Cannot open include file: 'assert.h': No such file or directory
  l_script.c
f:\program files (x86)\q3source\testsource2\quake-iii-arena-master\code\game\q_shared.h(81): fatal error C1083: Cannot open include file: 'assert.h': No such file or directory
C:\Program Files (x86)\Microsoft Visual Studio\2017\Community\Common7\IDE\VC\VCTargets\Microsoft.Cpp.Common.props(144,5): warning MSB4211: The property "WindowsTargetPlatformVersion" is being set to a value for the first time, but it was already consumed at "C:\Program Files (x86)\Microsoft Visual Studio\2017\Community\Common7\IDE\VC\VCTargets\Microsoft.Cpp.WindowsSDK.props (29,5)".
  l_struct.c
f:\program files (x86)\q3source\testsource2\quake-iii-arena-master\code\game\q_shared.h(81): fatal error C1083: Cannot open include file: 'assert.h': No such file or directory
  Generating Code...
