f:\program files (x86)\q3source\testsource2\quake-iii-arena-master\code\release\vc141.pdb
f:\program files (x86)\q3source\testsource2\quake-iii-arena-master\code\release\cm_patch.obj
f:\program files (x86)\q3source\testsource2\quake-iii-arena-master\code\release\cm_load.obj
f:\program files (x86)\q3source\testsource2\quake-iii-arena-master\code\release\cmd.obj
f:\program files (x86)\q3source\testsource2\quake-iii-arena-master\code\release\q_shared.obj
f:\program files (x86)\q3source\testsource2\quake-iii-arena-master\code\release\q_math.obj
f:\program files (x86)\q3source\testsource2\quake-iii-arena-master\code\release\snd_wavelet.obj
f:\program files (x86)\q3source\testsource2\quake-iii-arena-master\code\release\snd_mix.obj
f:\program files (x86)\q3source\testsource2\quake-iii-arena-master\code\release\snd_mem.obj
f:\program files (x86)\q3source\testsource2\quake-iii-arena-master\code\release\snd_dma.obj
f:\program files (x86)\q3source\testsource2\quake-iii-arena-master\code\release\snd_adpcm.obj
f:\program files (x86)\q3source\testsource2\quake-iii-arena-master\code\release\cl_ui.obj
f:\program files (x86)\q3source\testsource2\quake-iii-arena-master\code\release\cl_scrn.obj
f:\program files (x86)\q3source\testsource2\quake-iii-arena-master\code\release\cl_parse.obj
f:\program files (x86)\q3source\testsource2\quake-iii-arena-master\code\release\cl_net_chan.obj
f:\program files (x86)\q3source\testsource2\quake-iii-arena-master\code\release\cl_main.obj
f:\program files (x86)\q3source\testsource2\quake-iii-arena-master\code\release\cl_keys.obj
f:\program files (x86)\q3source\testsource2\quake-iii-arena-master\code\release\cl_input.obj
f:\program files (x86)\q3source\testsource2\quake-iii-arena-master\code\release\cl_console.obj
f:\program files (x86)\q3source\testsource2\quake-iii-arena-master\code\release\cl_cin.obj
f:\program files (x86)\q3source\testsource2\quake-iii-arena-master\code\release\cl_cgame.obj
f:\program files (x86)\q3source\testsource2\quake-iii-arena-master\code\release\sv_main.obj
f:\program files (x86)\q3source\testsource2\quake-iii-arena-master\code\release\sv_init.obj
f:\program files (x86)\q3source\testsource2\quake-iii-arena-master\code\release\sv_game.obj
f:\program files (x86)\q3source\testsource2\quake-iii-arena-master\code\release\sv_client.obj
f:\program files (x86)\q3source\testsource2\quake-iii-arena-master\code\release\sv_ccmds.obj
f:\program files (x86)\q3source\testsource2\quake-iii-arena-master\code\release\sv_bot.obj
f:\program files (x86)\q3source\testsource2\quake-iii-arena-master\code\release\vm_x86.obj
f:\program files (x86)\q3source\testsource2\quake-iii-arena-master\code\release\vm_interpreted.obj
f:\program files (x86)\q3source\testsource2\quake-iii-arena-master\code\release\vm.obj
f:\program files (x86)\q3source\testsource2\quake-iii-arena-master\code\release\unzip.obj
f:\program files (x86)\q3source\testsource2\quake-iii-arena-master\code\release\net_chan.obj
f:\program files (x86)\q3source\testsource2\quake-iii-arena-master\code\release\msg.obj
f:\program files (x86)\q3source\testsource2\quake-iii-arena-master\code\release\md4.obj
f:\program files (x86)\q3source\testsource2\quake-iii-arena-master\code\release\huffman.obj
f:\program files (x86)\q3source\testsource2\quake-iii-arena-master\code\release\files.obj
f:\program files (x86)\q3source\testsource2\quake-iii-arena-master\code\release\cvar.obj
f:\program files (x86)\q3source\testsource2\quake-iii-arena-master\code\release\common.obj
f:\program files (x86)\q3source\testsource2\quake-iii-arena-master\code\release\cm_trace.obj
f:\program files (x86)\q3source\testsource2\quake-iii-arena-master\code\release\cm_test.obj
f:\program files (x86)\q3source\testsource2\quake-iii-arena-master\code\release\cm_polylib.obj
f:\program files (x86)\q3source\testsource2\quake-iii-arena-master\code\release\win_wndproc.obj
f:\program files (x86)\q3source\testsource2\quake-iii-arena-master\code\release\win_syscon.obj
f:\program files (x86)\q3source\testsource2\quake-iii-arena-master\code\release\win_snd.obj
f:\program files (x86)\q3source\testsource2\quake-iii-arena-master\code\release\win_shared.obj
f:\program files (x86)\q3source\testsource2\quake-iii-arena-master\code\release\win_net.obj
f:\program files (x86)\q3source\testsource2\quake-iii-arena-master\code\release\win_main.obj
f:\program files (x86)\q3source\testsource2\quake-iii-arena-master\code\release\win_input.obj
f:\program files (x86)\q3source\testsource2\quake-iii-arena-master\code\release\sv_world.obj
f:\program files (x86)\q3source\testsource2\quake-iii-arena-master\code\release\sv_snapshot.obj
f:\program files (x86)\q3source\testsource2\quake-iii-arena-master\code\release\sv_net_chan.obj
f:\program files (x86)\q3source\testsource2\quake-iii-arena-master\code\release\quake3.exe
f:\program files (x86)\q3source\testsource2\quake-iii-arena-master\code\release\quake3.map
f:\program files (x86)\q3source\testsource2\quake-iii-arena-master\code\release\quake3.pdb
f:\program files (x86)\q3source\testsource2\quake-iii-arena-master\code\release\winquake.res
f:\program files (x86)\q3source\testsource2\quake-iii-arena-master\code\.\release\quake3.exe
f:\program files (x86)\q3source\testsource2\quake-iii-arena-master\code\release\quake3.tlog\cl.command.1.tlog
f:\program files (x86)\q3source\testsource2\quake-iii-arena-master\code\release\quake3.tlog\cl.read.1.tlog
f:\program files (x86)\q3source\testsource2\quake-iii-arena-master\code\release\quake3.tlog\cl.write.1.tlog
f:\program files (x86)\q3source\testsource2\quake-iii-arena-master\code\release\quake3.tlog\link.command.1.tlog
f:\program files (x86)\q3source\testsource2\quake-iii-arena-master\code\release\quake3.tlog\link.read.1.tlog
f:\program files (x86)\q3source\testsource2\quake-iii-arena-master\code\release\quake3.tlog\link.write.1.tlog
f:\program files (x86)\q3source\testsource2\quake-iii-arena-master\code\release\quake3.tlog\rc.command.1.tlog
f:\program files (x86)\q3source\testsource2\quake-iii-arena-master\code\release\quake3.tlog\rc.read.1.tlog
f:\program files (x86)\q3source\testsource2\quake-iii-arena-master\code\release\quake3.tlog\rc.write.1.tlog
