f:\program files (x86)\q3source\testsource2\quake-iii-arena-master\code\botlib\release\botlib.pdb
f:\program files (x86)\q3source\testsource2\quake-iii-arena-master\code\botlib\release\be_ea.obj
f:\program files (x86)\q3source\testsource2\quake-iii-arena-master\code\botlib\release\be_ai_weight.obj
f:\program files (x86)\q3source\testsource2\quake-iii-arena-master\code\botlib\release\be_ai_weap.obj
f:\program files (x86)\q3source\testsource2\quake-iii-arena-master\code\botlib\release\be_ai_move.obj
f:\program files (x86)\q3source\testsource2\quake-iii-arena-master\code\botlib\release\be_ai_goal.obj
f:\program files (x86)\q3source\testsource2\quake-iii-arena-master\code\botlib\release\be_ai_gen.obj
f:\program files (x86)\q3source\testsource2\quake-iii-arena-master\code\botlib\release\be_ai_chat.obj
f:\program files (x86)\q3source\testsource2\quake-iii-arena-master\code\botlib\release\be_ai_char.obj
f:\program files (x86)\q3source\testsource2\quake-iii-arena-master\code\botlib\release\be_aas_sample.obj
f:\program files (x86)\q3source\testsource2\quake-iii-arena-master\code\botlib\release\be_aas_routealt.obj
f:\program files (x86)\q3source\testsource2\quake-iii-arena-master\code\botlib\release\be_aas_route.obj
f:\program files (x86)\q3source\testsource2\quake-iii-arena-master\code\botlib\release\be_aas_reach.obj
f:\program files (x86)\q3source\testsource2\quake-iii-arena-master\code\botlib\release\be_aas_optimize.obj
f:\program files (x86)\q3source\testsource2\quake-iii-arena-master\code\botlib\release\be_aas_move.obj
f:\program files (x86)\q3source\testsource2\quake-iii-arena-master\code\botlib\release\be_aas_main.obj
f:\program files (x86)\q3source\testsource2\quake-iii-arena-master\code\botlib\release\be_aas_file.obj
f:\program files (x86)\q3source\testsource2\quake-iii-arena-master\code\botlib\release\be_aas_entity.obj
f:\program files (x86)\q3source\testsource2\quake-iii-arena-master\code\botlib\release\be_aas_debug.obj
f:\program files (x86)\q3source\testsource2\quake-iii-arena-master\code\botlib\release\be_aas_cluster.obj
f:\program files (x86)\q3source\testsource2\quake-iii-arena-master\code\botlib\release\be_aas_bspq3.obj
f:\program files (x86)\q3source\testsource2\quake-iii-arena-master\code\botlib\release\l_struct.obj
f:\program files (x86)\q3source\testsource2\quake-iii-arena-master\code\botlib\release\l_script.obj
f:\program files (x86)\q3source\testsource2\quake-iii-arena-master\code\botlib\release\l_precomp.obj
f:\program files (x86)\q3source\testsource2\quake-iii-arena-master\code\botlib\release\l_memory.obj
f:\program files (x86)\q3source\testsource2\quake-iii-arena-master\code\botlib\release\l_log.obj
f:\program files (x86)\q3source\testsource2\quake-iii-arena-master\code\botlib\release\l_libvar.obj
f:\program files (x86)\q3source\testsource2\quake-iii-arena-master\code\botlib\release\l_crc.obj
f:\program files (x86)\q3source\testsource2\quake-iii-arena-master\code\botlib\release\be_interface.obj
f:\program files (x86)\q3source\testsource2\quake-iii-arena-master\code\botlib\release\botlib.lib
f:\program files (x86)\q3source\testsource2\quake-iii-arena-master\code\botlib\.\release\botlib.lib
f:\program files (x86)\q3source\testsource2\quake-iii-arena-master\code\botlib\release\botlib.tlog\cl.command.1.tlog
f:\program files (x86)\q3source\testsource2\quake-iii-arena-master\code\botlib\release\botlib.tlog\cl.read.1.tlog
f:\program files (x86)\q3source\testsource2\quake-iii-arena-master\code\botlib\release\botlib.tlog\cl.write.1.tlog
f:\program files (x86)\q3source\testsource2\quake-iii-arena-master\code\botlib\release\botlib.tlog\lib-link.read.1.tlog
f:\program files (x86)\q3source\testsource2\quake-iii-arena-master\code\botlib\release\botlib.tlog\lib-link.write.1.tlog
f:\program files (x86)\q3source\testsource2\quake-iii-arena-master\code\botlib\release\botlib.tlog\lib.command.1.tlog
