f:\program files (x86)\q3source\testsource2\github\quake-iii-arena-master\code\game\release\vc141.pdb
f:\program files (x86)\q3source\testsource2\github\quake-iii-arena-master\code\game\release\g_misc.obj
f:\program files (x86)\q3source\testsource2\github\quake-iii-arena-master\code\game\release\g_mem.obj
f:\program files (x86)\q3source\testsource2\github\quake-iii-arena-master\code\game\release\g_main.obj
f:\program files (x86)\q3source\testsource2\github\quake-iii-arena-master\code\game\release\g_items.obj
f:\program files (x86)\q3source\testsource2\github\quake-iii-arena-master\code\game\release\g_combat.obj
f:\program files (x86)\q3source\testsource2\github\quake-iii-arena-master\code\game\release\g_cmds.obj
f:\program files (x86)\q3source\testsource2\github\quake-iii-arena-master\code\game\release\g_client.obj
f:\program files (x86)\q3source\testsource2\github\quake-iii-arena-master\code\game\release\g_bot.obj
f:\program files (x86)\q3source\testsource2\github\quake-iii-arena-master\code\game\release\g_arenas.obj
f:\program files (x86)\q3source\testsource2\github\quake-iii-arena-master\code\game\release\g_active.obj
f:\program files (x86)\q3source\testsource2\github\quake-iii-arena-master\code\game\release\bg_slidemove.obj
f:\program files (x86)\q3source\testsource2\github\quake-iii-arena-master\code\game\release\bg_pmove.obj
f:\program files (x86)\q3source\testsource2\github\quake-iii-arena-master\code\game\release\bg_misc.obj
f:\program files (x86)\q3source\testsource2\github\quake-iii-arena-master\code\game\release\ai_vcmd.obj
f:\program files (x86)\q3source\testsource2\github\quake-iii-arena-master\code\game\release\ai_team.obj
f:\program files (x86)\q3source\testsource2\github\quake-iii-arena-master\code\game\release\ai_main.obj
f:\program files (x86)\q3source\testsource2\github\quake-iii-arena-master\code\game\release\ai_dmq3.obj
f:\program files (x86)\q3source\testsource2\github\quake-iii-arena-master\code\game\release\ai_dmnet.obj
f:\program files (x86)\q3source\testsource2\github\quake-iii-arena-master\code\game\release\ai_cmd.obj
f:\program files (x86)\q3source\testsource2\github\quake-iii-arena-master\code\game\release\ai_chat.obj
f:\program files (x86)\q3source\testsource2\github\quake-iii-arena-master\code\game\release\q_shared.obj
f:\program files (x86)\q3source\testsource2\github\quake-iii-arena-master\code\game\release\q_math.obj
f:\program files (x86)\q3source\testsource2\github\quake-iii-arena-master\code\game\release\g_weapon.obj
f:\program files (x86)\q3source\testsource2\github\quake-iii-arena-master\code\game\release\g_utils.obj
f:\program files (x86)\q3source\testsource2\github\quake-iii-arena-master\code\game\release\g_trigger.obj
f:\program files (x86)\q3source\testsource2\github\quake-iii-arena-master\code\game\release\g_team.obj
f:\program files (x86)\q3source\testsource2\github\quake-iii-arena-master\code\game\release\g_target.obj
f:\program files (x86)\q3source\testsource2\github\quake-iii-arena-master\code\game\release\g_syscalls.obj
f:\program files (x86)\q3source\testsource2\github\quake-iii-arena-master\code\game\release\g_svcmds.obj
f:\program files (x86)\q3source\testsource2\github\quake-iii-arena-master\code\game\release\g_spawn.obj
f:\program files (x86)\q3source\testsource2\github\quake-iii-arena-master\code\game\release\g_session.obj
f:\program files (x86)\q3source\testsource2\github\quake-iii-arena-master\code\game\release\g_mover.obj
f:\program files (x86)\q3source\testsource2\github\quake-iii-arena-master\code\game\release\g_missile.obj
f:\program files (x86)\q3source\testsource2\github\quake-iii-arena-master\code\game\release\qagamex86.lib
f:\program files (x86)\q3source\testsource2\github\quake-iii-arena-master\code\game\release\qagamex86.exp
f:\program files (x86)\q3source\testsource2\github\quake-iii-arena-master\code\release\qagamex86.dll
f:\program files (x86)\q3source\testsource2\github\quake-iii-arena-master\code\game\release\qagamex86.map
f:\program files (x86)\q3source\testsource2\github\quake-iii-arena-master\code\game\release\qagamex86.pdb
f:\program files (x86)\q3source\testsource2\github\quake-iii-arena-master\code\game\release\game.tlog\cl.command.1.tlog
f:\program files (x86)\q3source\testsource2\github\quake-iii-arena-master\code\game\release\game.tlog\cl.read.1.tlog
f:\program files (x86)\q3source\testsource2\github\quake-iii-arena-master\code\game\release\game.tlog\cl.write.1.tlog
f:\program files (x86)\q3source\testsource2\github\quake-iii-arena-master\code\game\release\game.tlog\game.write.1u.tlog
f:\program files (x86)\q3source\testsource2\github\quake-iii-arena-master\code\game\release\game.tlog\link.command.1.tlog
f:\program files (x86)\q3source\testsource2\github\quake-iii-arena-master\code\game\release\game.tlog\link.read.1.tlog
f:\program files (x86)\q3source\testsource2\github\quake-iii-arena-master\code\game\release\game.tlog\link.write.1.tlog
