f:\program files (x86)\q3source\testsource2\github\quake-iii-arena-master\code\q3_ui\release\vc141.pdb
f:\program files (x86)\q3source\testsource2\github\quake-iii-arena-master\code\q3_ui\release\ui_mods.obj
f:\program files (x86)\q3source\testsource2\github\quake-iii-arena-master\code\q3_ui\release\ui_mfield.obj
f:\program files (x86)\q3source\testsource2\github\quake-iii-arena-master\code\q3_ui\release\ui_menu.obj
f:\program files (x86)\q3source\testsource2\github\quake-iii-arena-master\code\q3_ui\release\ui_main.obj
f:\program files (x86)\q3source\testsource2\github\quake-iii-arena-master\code\q3_ui\release\ui_ingame.obj
f:\program files (x86)\q3source\testsource2\github\quake-iii-arena-master\code\q3_ui\release\ui_gameinfo.obj
f:\program files (x86)\q3source\testsource2\github\quake-iii-arena-master\code\q3_ui\release\ui_display.obj
f:\program files (x86)\q3source\testsource2\github\quake-iii-arena-master\code\q3_ui\release\ui_demo2.obj
f:\program files (x86)\q3source\testsource2\github\quake-iii-arena-master\code\q3_ui\release\ui_credits.obj
f:\program files (x86)\q3source\testsource2\github\quake-iii-arena-master\code\q3_ui\release\ui_controls2.obj
f:\program files (x86)\q3source\testsource2\github\quake-iii-arena-master\code\q3_ui\release\ui_connect.obj
f:\program files (x86)\q3source\testsource2\github\quake-iii-arena-master\code\q3_ui\release\ui_confirm.obj
f:\program files (x86)\q3source\testsource2\github\quake-iii-arena-master\code\q3_ui\release\ui_cinematics.obj
f:\program files (x86)\q3source\testsource2\github\quake-iii-arena-master\code\q3_ui\release\ui_cdkey.obj
f:\program files (x86)\q3source\testsource2\github\quake-iii-arena-master\code\q3_ui\release\ui_atoms.obj
f:\program files (x86)\q3source\testsource2\github\quake-iii-arena-master\code\q3_ui\release\ui_addbots.obj
f:\program files (x86)\q3source\testsource2\github\quake-iii-arena-master\code\q3_ui\release\ui_syscalls.obj
f:\program files (x86)\q3source\testsource2\github\quake-iii-arena-master\code\q3_ui\release\q_shared.obj
f:\program files (x86)\q3source\testsource2\github\quake-iii-arena-master\code\q3_ui\release\q_math.obj
f:\program files (x86)\q3source\testsource2\github\quake-iii-arena-master\code\q3_ui\release\bg_misc.obj
f:\program files (x86)\q3source\testsource2\github\quake-iii-arena-master\code\q3_ui\release\ui_team.obj
f:\program files (x86)\q3source\testsource2\github\quake-iii-arena-master\code\q3_ui\release\ui_startserver.obj
f:\program files (x86)\q3source\testsource2\github\quake-iii-arena-master\code\q3_ui\release\ui_spskill.obj
f:\program files (x86)\q3source\testsource2\github\quake-iii-arena-master\code\q3_ui\release\ui_spreset.obj
f:\program files (x86)\q3source\testsource2\github\quake-iii-arena-master\code\q3_ui\release\ui_sppostgame.obj
f:\program files (x86)\q3source\testsource2\github\quake-iii-arena-master\code\q3_ui\release\ui_splevel.obj
f:\program files (x86)\q3source\testsource2\github\quake-iii-arena-master\code\q3_ui\release\ui_specifyserver.obj
f:\program files (x86)\q3source\testsource2\github\quake-iii-arena-master\code\q3_ui\release\ui_sparena.obj
f:\program files (x86)\q3source\testsource2\github\quake-iii-arena-master\code\q3_ui\release\ui_sound.obj
f:\program files (x86)\q3source\testsource2\github\quake-iii-arena-master\code\q3_ui\release\ui_setup.obj
f:\program files (x86)\q3source\testsource2\github\quake-iii-arena-master\code\q3_ui\release\ui_servers2.obj
f:\program files (x86)\q3source\testsource2\github\quake-iii-arena-master\code\q3_ui\release\ui_serverinfo.obj
f:\program files (x86)\q3source\testsource2\github\quake-iii-arena-master\code\q3_ui\release\ui_removebots.obj
f:\program files (x86)\q3source\testsource2\github\quake-iii-arena-master\code\q3_ui\release\ui_qmenu.obj
f:\program files (x86)\q3source\testsource2\github\quake-iii-arena-master\code\q3_ui\release\ui_preferences.obj
f:\program files (x86)\q3source\testsource2\github\quake-iii-arena-master\code\q3_ui\release\ui_playersettings.obj
f:\program files (x86)\q3source\testsource2\github\quake-iii-arena-master\code\q3_ui\release\ui_players.obj
f:\program files (x86)\q3source\testsource2\github\quake-iii-arena-master\code\q3_ui\release\ui_playermodel.obj
f:\program files (x86)\q3source\testsource2\github\quake-iii-arena-master\code\q3_ui\release\ui_options.obj
f:\program files (x86)\q3source\testsource2\github\quake-iii-arena-master\code\q3_ui\release\ui_network.obj
f:\program files (x86)\q3source\testsource2\github\quake-iii-arena-master\code\q3_ui\release\ui_video.obj
f:\program files (x86)\q3source\testsource2\github\quake-iii-arena-master\code\q3_ui\release\ui_teamorders.obj
f:\program files (x86)\q3source\testsource2\github\quake-iii-arena-master\code\release\uix86.dll
f:\program files (x86)\q3source\testsource2\github\quake-iii-arena-master\code\q3_ui\release\uix86.pdb
f:\program files (x86)\q3source\testsource2\github\quake-iii-arena-master\code\q3_ui\release\uix86.lib
f:\program files (x86)\q3source\testsource2\github\quake-iii-arena-master\code\q3_ui\release\uix86.exp
f:\program files (x86)\q3source\testsource2\github\quake-iii-arena-master\code\q3_ui\release\q3_ui.tlog\cl.command.1.tlog
f:\program files (x86)\q3source\testsource2\github\quake-iii-arena-master\code\q3_ui\release\q3_ui.tlog\cl.read.1.tlog
f:\program files (x86)\q3source\testsource2\github\quake-iii-arena-master\code\q3_ui\release\q3_ui.tlog\cl.write.1.tlog
f:\program files (x86)\q3source\testsource2\github\quake-iii-arena-master\code\q3_ui\release\q3_ui.tlog\link.command.1.tlog
f:\program files (x86)\q3source\testsource2\github\quake-iii-arena-master\code\q3_ui\release\q3_ui.tlog\link.read.1.tlog
f:\program files (x86)\q3source\testsource2\github\quake-iii-arena-master\code\q3_ui\release\q3_ui.tlog\link.write.1.tlog
f:\program files (x86)\q3source\testsource2\github\quake-iii-arena-master\code\q3_ui\release\q3_ui.tlog\q3_ui.write.1u.tlog
