  bg_misc.c
f:\program files (x86)\q3source\testsource2\github\quake-iii-arena-master\code\game\bg_misc.c(903): error C2065: 'PW_SCOUT': undeclared identifier
f:\program files (x86)\q3source\testsource2\github\quake-iii-arena-master\code\game\bg_misc.c(919): error C2065: 'PW_GUARD': undeclared identifier
f:\program files (x86)\q3source\testsource2\github\quake-iii-arena-master\code\game\bg_misc.c(935): error C2065: 'PW_DOUBLER': undeclared identifier
f:\program files (x86)\q3source\testsource2\github\quake-iii-arena-master\code\game\bg_misc.c(951): error C2065: 'PW_AMMOREGEN': undeclared identifier
f:\program files (x86)\q3source\testsource2\github\quake-iii-arena-master\code\game\bg_misc.c(894): error C2099: initializer is not a constant
f:\program files (x86)\q3source\testsource2\github\quake-iii-arena-master\code\game\bg_misc.c(894): warning C4047: 'initializing': 'int' differs in levels of indirection from 'char [1]'
f:\program files (x86)\q3source\testsource2\github\quake-iii-arena-master\code\game\bg_misc.c(910): error C2099: initializer is not a constant
f:\program files (x86)\q3source\testsource2\github\quake-iii-arena-master\code\game\bg_misc.c(910): warning C4047: 'initializing': 'int' differs in levels of indirection from 'char [1]'
f:\program files (x86)\q3source\testsource2\github\quake-iii-arena-master\code\game\bg_misc.c(926): error C2099: initializer is not a constant
f:\program files (x86)\q3source\testsource2\github\quake-iii-arena-master\code\game\bg_misc.c(926): warning C4047: 'initializing': 'int' differs in levels of indirection from 'char [1]'
f:\program files (x86)\q3source\testsource2\github\quake-iii-arena-master\code\game\bg_misc.c(942): error C2099: initializer is not a constant
f:\program files (x86)\q3source\testsource2\github\quake-iii-arena-master\code\game\bg_misc.c(942): warning C4047: 'initializing': 'int' differs in levels of indirection from 'char [1]'
f:\program files (x86)\q3source\testsource2\github\quake-iii-arena-master\code\game\bg_misc.c(1252): error C2065: 'PW_SCOUT': undeclared identifier
f:\program files (x86)\q3source\testsource2\github\quake-iii-arena-master\code\game\bg_misc.c(1257): error C2065: 'PW_GUARD': undeclared identifier
f:\program files (x86)\q3source\testsource2\github\quake-iii-arena-master\code\game\bg_misc.c(1278): error C2065: 'PW_GUARD': undeclared identifier
  bg_pmove.c
f:\program files (x86)\q3source\testsource2\github\quake-iii-arena-master\code\game\bg_pmove.c(932): warning C4101: 'up': unreferenced local variable
f:\program files (x86)\q3source\testsource2\github\quake-iii-arena-master\code\game\bg_pmove.c(932): warning C4101: 'right': unreferenced local variable
f:\program files (x86)\q3source\testsource2\github\quake-iii-arena-master\code\game\bg_pmove.c(932): warning C4101: 'forward': unreferenced local variable
f:\program files (x86)\q3source\testsource2\github\quake-iii-arena-master\code\game\bg_pmove.c(932): warning C4101: 'angles': unreferenced local variable
f:\program files (x86)\q3source\testsource2\github\quake-iii-arena-master\code\game\bg_pmove.c(1293): warning C4101: 'sample2': unreferenced local variable
f:\program files (x86)\q3source\testsource2\github\quake-iii-arena-master\code\game\bg_pmove.c(1292): warning C4101: 'sample1': unreferenced local variable
f:\program files (x86)\q3source\testsource2\github\quake-iii-arena-master\code\game\bg_pmove.c(1369): warning C4305: '*=': truncation from 'double' to 'vec_t'
f:\program files (x86)\q3source\testsource2\github\quake-iii-arena-master\code\game\bg_pmove.c(1769): error C2065: 'PW_SCOUT': undeclared identifier
f:\program files (x86)\q3source\testsource2\github\quake-iii-arena-master\code\game\bg_pmove.c(1773): error C2065: 'PW_AMMOREGEN': undeclared identifier
  cg_event.c
f:\program files (x86)\q3source\testsource2\github\quake-iii-arena-master\code\cgame\cg_event.c(115): warning C4996: 'strcat': This function or variable may be unsafe. Consider using strcat_s instead. To disable deprecation, use _CRT_SECURE_NO_WARNINGS. See online help for details.
  c:\program files (x86)\windows kits\10\include\10.0.15063.0\ucrt\string.h(93): note: see declaration of 'strcat'
f:\program files (x86)\q3source\testsource2\github\quake-iii-arena-master\code\cgame\cg_event.c(238): warning C4996: 'strcpy': This function or variable may be unsafe. Consider using strcpy_s instead. To disable deprecation, use _CRT_SECURE_NO_WARNINGS. See online help for details.
  c:\program files (x86)\windows kits\10\include\10.0.15063.0\ucrt\string.h(136): note: see declaration of 'strcpy'
f:\program files (x86)\q3source\testsource2\github\quake-iii-arena-master\code\cgame\cg_event.c(241): warning C4996: 'strcat': This function or variable may be unsafe. Consider using strcat_s instead. To disable deprecation, use _CRT_SECURE_NO_WARNINGS. See online help for details.
  c:\program files (x86)\windows kits\10\include\10.0.15063.0\ucrt\string.h(93): note: see declaration of 'strcat'
f:\program files (x86)\q3source\testsource2\github\quake-iii-arena-master\code\cgame\cg_event.c(748): error C2065: 'PW_SCOUT': undeclared identifier
f:\program files (x86)\q3source\testsource2\github\quake-iii-arena-master\code\cgame\cg_event.c(751): error C2065: 'PW_GUARD': undeclared identifier
f:\program files (x86)\q3source\testsource2\github\quake-iii-arena-master\code\cgame\cg_event.c(754): error C2065: 'PW_DOUBLER': undeclared identifier
f:\program files (x86)\q3source\testsource2\github\quake-iii-arena-master\code\cgame\cg_event.c(757): error C2065: 'PW_AMMOREGEN': undeclared identifier
f:\program files (x86)\q3source\testsource2\github\quake-iii-arena-master\code\cgame\cg_event.c(748): error C2051: case expression not constant
f:\program files (x86)\q3source\testsource2\github\quake-iii-arena-master\code\cgame\cg_event.c(751): error C2051: case expression not constant
f:\program files (x86)\q3source\testsource2\github\quake-iii-arena-master\code\cgame\cg_event.c(754): error C2051: case expression not constant
f:\program files (x86)\q3source\testsource2\github\quake-iii-arena-master\code\cgame\cg_event.c(757): error C2051: case expression not constant
  cg_players.c
f:\program files (x86)\q3source\testsource2\github\quake-iii-arena-master\code\cgame\cg_players.c(668): warning C4996: 'strcat': This function or variable may be unsafe. Consider using strcat_s instead. To disable deprecation, use _CRT_SECURE_NO_WARNINGS. See online help for details.
  c:\program files (x86)\windows kits\10\include\10.0.15063.0\ucrt\string.h(93): note: see declaration of 'strcat'
f:\program files (x86)\q3source\testsource2\github\quake-iii-arena-master\code\cgame\cg_players.c(2473): error C2065: 'PW_GUARD': undeclared identifier
f:\program files (x86)\q3source\testsource2\github\quake-iii-arena-master\code\cgame\cg_players.c(2481): error C2065: 'PW_SCOUT': undeclared identifier
f:\program files (x86)\q3source\testsource2\github\quake-iii-arena-master\code\cgame\cg_players.c(2489): error C2065: 'PW_DOUBLER': undeclared identifier
f:\program files (x86)\q3source\testsource2\github\quake-iii-arena-master\code\cgame\cg_players.c(2497): error C2065: 'PW_AMMOREGEN': undeclared identifier
  Generating Code...
